TN:
SF:src/constants/api.ts
FNF:0
FNH:0
DA:1,4
DA:2,4
LF:2
LH:2
BRF:0
BRH:0
end_of_record
TN:
SF:src/services/authenticate-token.ts
FN:24,authenticateToken
FNF:1
FNH:1
FNDA:6,authenticateToken
DA:1,1
DA:24,1
DA:25,6
DA:27,5
DA:28,5
DA:29,2
DA:30,2
DA:31,1
DA:33,3
LF:9
LH:9
BRDA:25,0,0,1
BRDA:25,0,1,5
BRDA:25,1,0,6
BRDA:25,1,1,5
BRDA:30,2,0,1
BRDA:30,2,1,1
BRF:6
BRH:6
end_of_record
TN:
SF:src/services/policy-document.ts
FN:20,generatePolicyDocument
FNF:1
FNH:1
FNDA:5,generatePolicyDocument
DA:2,1
DA:20,1
DA:21,5
DA:23,5
LF:4
LH:4
BRDA:21,0,0,1
BRF:1
BRH:1
end_of_record
TN:
SF:src/services/query-ec2.ts
FN:10,listEC2Instances
FN:27,(anonymous_2)
FN:30,(anonymous_3)
FNF:3
FNH:3
FNDA:13,listEC2Instances
FNDA:9,(anonymous_2)
FNDA:9,(anonymous_3)
DA:1,2
DA:2,2
DA:3,2
DA:10,2
DA:11,13
DA:13,12
DA:14,12
DA:20,12
DA:21,10
DA:23,6
DA:24,6
DA:25,11
DA:26,10
DA:27,10
DA:30,9
DA:32,2
DA:33,2
LF:17
LH:17
BRDA:11,0,0,1
BRDA:11,0,1,12
BRDA:21,1,0,4
BRDA:21,1,1,6
BRDA:21,2,0,10
BRDA:21,2,1,7
BRDA:25,3,0,1
BRDA:25,3,1,10
BRDA:27,4,0,10
BRDA:27,4,1,2
BRF:10
BRH:10
end_of_record
TN:
SF:src/services/query-regions.ts
FN:9,listRegions
FN:16,(anonymous_2)
FNF:2
FNH:2
FNDA:7,listRegions
FNDA:11,(anonymous_2)
DA:1,1
DA:2,1
DA:3,1
DA:9,1
DA:10,7
DA:11,7
DA:15,7
DA:16,11
DA:18,2
DA:19,2
LF:10
LH:10
BRDA:16,0,0,5
BRDA:16,0,1,1
BRDA:16,1,0,11
BRDA:16,1,1,10
BRF:4
BRH:4
end_of_record
TN:
SF:src/services/query-security-groups.ts
FN:12,listSecurityGroups
FN:22,(anonymous_2)
FN:39,listEC2SecurityGroups
FN:48,(anonymous_4)
FN:50,(anonymous_5)
FN:53,(anonymous_6)
FN:55,(anonymous_7)
FNF:7
FNH:7
FNDA:12,listSecurityGroups
FNDA:12,(anonymous_2)
FNDA:6,listEC2SecurityGroups
FNDA:6,(anonymous_4)
FNDA:7,(anonymous_5)
FNDA:7,(anonymous_6)
FNDA:6,(anonymous_7)
DA:1,1
DA:2,1
DA:3,1
DA:4,1
DA:12,1
DA:13,12
DA:15,10
DA:16,10
DA:21,10
DA:22,12
DA:24,1
DA:25,1
DA:39,1
DA:40,6
DA:42,5
DA:46,5
DA:48,3
DA:49,6
DA:50,7
DA:52,4
DA:53,7
DA:55,6
LF:22
LH:22
BRDA:13,0,0,2
BRDA:13,0,1,10
BRDA:22,1,0,9
BRDA:22,1,1,3
BRDA:40,2,0,1
BRDA:40,2,1,5
BRDA:46,3,0,2
BRDA:46,3,1,3
BRDA:46,4,0,5
BRDA:46,4,1,5
BRDA:49,5,0,2
BRDA:49,5,1,4
BRDA:49,6,0,6
BRDA:49,6,1,6
BRDA:50,7,0,7
BRDA:50,7,1,1
BRDA:55,8,0,6
BRDA:55,8,1,6
BRDA:55,8,2,6
BRF:19
BRH:19
end_of_record
TN:
SF:src/utilities/aws-credentials.ts
FN:12,getAWSCredentials
FNF:1
FNH:1
FNDA:31,getAWSCredentials
DA:2,4
DA:12,4
DA:13,31
DA:14,1
LF:4
LH:4
BRDA:13,0,0,30
BRDA:13,0,1,1
BRF:2
BRH:2
end_of_record
TN:
SF:src/utilities/aws-mock-utilities.ts
FN:3,generateMockRegions
FN:11,(anonymous_1)
FN:18,generateMockSecurityGroup
FN:43,generateMockSecurityGroupIdentifier
FN:49,generateMockEC2Instance
FNF:5
FNH:5
FNDA:2,generateMockRegions
FNDA:32,(anonymous_1)
FNDA:7,generateMockSecurityGroup
FNDA:7,generateMockSecurityGroupIdentifier
FNDA:9,generateMockEC2Instance
DA:3,3
DA:4,2
DA:11,32
DA:18,3
DA:19,7
DA:43,3
DA:44,7
DA:49,3
DA:50,9
LF:9
LH:9
BRDA:18,0,0,1
BRDA:49,1,0,3
BRF:2
BRH:2
end_of_record
TN:
SF:src/utilities/environment.ts
FN:3,getNodeEnv
FN:21,isProduction
FN:25,isLocal
FNF:3
FNH:3
FNDA:11,getNodeEnv
FNDA:1,isProduction
FNDA:31,isLocal
DA:3,5
DA:4,11
DA:8,4
DA:11,3
DA:14,2
DA:17,2
DA:21,5
DA:22,1
DA:25,5
DA:26,31
LF:10
LH:10
BRDA:5,0,0,2
BRDA:5,0,1,3
BRDA:5,0,2,4
BRDA:5,0,3,2
BRDA:5,0,4,3
BRDA:5,0,5,1
BRDA:5,0,6,2
BRDA:5,0,7,1
BRDA:5,0,8,2
BRF:9
BRH:9
end_of_record
